This is pdfeTeXk, Version 3.141592-1.30.4-2.2 (Web2C 7.5.5) (format=pdflatex 2006.6.21)  24 SEP 2013 19:19
entering extended mode
 Source specials enabled.
**RankingNodes-092013.tex
(./RankingNodes-092013.tex
LaTeX2e <2003/12/01>
Babel <v3.8d> and hyphenation patterns for american, french, german, ngerman, d
utch, italian, norsk, portuges, spanish, swedish, nohyphenation, loaded.
(./svmult.cls
Document Class: svmult 2007/06/25 v5.4 
Springer Verlag global LaTeX document class for multi authored books
Class Springer-SVMult Info: extra/valid Springer sub-package 
(Springer-SVMult)           not found in option list - using "global" style.
(./article.cls
Document Class: article 2007/10/19 v1.4h Standard LaTeX document class
(/usr/local/teTeX/share/texmf.tetex/tex/latex/base/size10.clo
File: size10.clo 2004/02/16 v1.4f Standard LaTeX file (size option)
)
\c@part=\count79
\c@section=\count80
\c@subsection=\count81
\c@subsubsection=\count82
\c@paragraph=\count83
\c@subparagraph=\count84
\c@figure=\count85
\c@table=\count86
\abovecaptionskip=\skip41
\belowcaptionskip=\skip42
\bibindent=\dimen102
)
\svparindent=\dimen103
\bibindent=\dimen104
\betweenumberspace=\dimen105
\headlineindent=\dimen106
\minitoc=\write3
\c@minitocdepth=\count87
\c@chapter=\count88
\mottowidth=\dimen107
\svitemindent=\dimen108
\verbatimindent=\dimen109
LaTeX Font Info:    Redeclaring math symbol \Gamma on input line 963.
LaTeX Font Info:    Redeclaring math symbol \Delta on input line 964.
LaTeX Font Info:    Redeclaring math symbol \Theta on input line 965.
LaTeX Font Info:    Redeclaring math symbol \Lambda on input line 966.
LaTeX Font Info:    Redeclaring math symbol \Xi on input line 967.
LaTeX Font Info:    Redeclaring math symbol \Pi on input line 968.
LaTeX Font Info:    Redeclaring math symbol \Sigma on input line 969.
LaTeX Font Info:    Redeclaring math symbol \Upsilon on input line 970.
LaTeX Font Info:    Redeclaring math symbol \Phi on input line 971.
LaTeX Font Info:    Redeclaring math symbol \Psi on input line 972.
LaTeX Font Info:    Redeclaring math symbol \Omega on input line 973.
\tocchpnum=\dimen110
\tocsecnum=\dimen111
\tocsectotal=\dimen112
\tocsubsecnum=\dimen113
\tocsubsectotal=\dimen114
\tocsubsubsecnum=\dimen115
\tocsubsubsectotal=\dimen116
\tocparanum=\dimen117
\tocparatotal=\dimen118
\tocsubparanum=\dimen119
\foot@parindent=\dimen120
\spthmsep=\dimen121
\c@theorem=\count89
\c@case=\count90
\c@conjecture=\count91
\c@corollary=\count92
\c@definition=\count93
\c@example=\count94
\c@exercise=\count95
\c@lemma=\count96
\c@note=\count97
\c@problem=\count98
\c@property=\count99
\c@proposition=\count100
\c@question=\count101
\c@solution=\count102
\c@remark=\count103
\c@prob=\count104
\instindent=\dimen122
\figgap=\dimen123
\bildb@x=\box26
\figcapgap=\dimen124
\tabcapgap=\dimen125
\c@merk=\count105
\c@@inst=\count106
\c@@auth=\count107
\c@auco=\count108
\instindent=\dimen126
\authrun=\box27
\authorrunning=\toks14
\tocauthor=\toks15
\titrun=\box28
\titlerunning=\toks16
\toctitle=\toks17
\c@contribution=\count109
LaTeX Info: Redefining \abstract on input line 2320.
)
(/usr/local/teTeX/share/texmf.tetex/tex/latex/graphics/color.sty
Package: color 1999/02/16 v1.0i Standard LaTeX Color (DPC)

(/usr/local/teTeX/share/texmf.tetex/tex/latex/graphics/color.cfg
File: color.cfg 2005/02/03 v1.3 color configuration of teTeX/TeXLive
)
Package color Info: Driver file: pdftex.def on input line 125.

(/usr/local/teTeX/share/texmf.tetex/tex/latex/graphics/pdftex.def
File: pdftex.def 2002/06/19 v0.03k graphics/color for pdftex
\Gread@gobject=\count110
))
(/usr/local/teTeX/share/texmf.tetex/tex/latex/framed/framed.sty
Package: framed 2003/07/21 v 0.8a: framed or shaded text with page breaks
\FrameRule=\dimen127
\FrameSep=\dimen128
)
(/usr/local/teTeX/share/texmf.tetex/tex/latex/footmisc/footmisc.sty
Package: footmisc 2004/05/02 v5.3c a miscellany of footnote facilities
\FN@temptoken=\toks18
\footnotemargin=\dimen129
\c@pp@next@reset=\count111
Package footmisc Info: Declaring symbol style bringhurst on input line 802.
Package footmisc Info: Declaring symbol style chicago on input line 803.
Package footmisc Info: Declaring symbol style wiley on input line 804.
Package footmisc Info: Declaring symbol style lamport-robust on input line 808.

Package footmisc Info: Declaring symbol style lamport* on input line 816.
Package footmisc Info: Declaring symbol style lamport*-robust on input line 825
.
)
(/usr/local/teTeX/share/texmf.tetex/tex/latex/tools/multicol.sty
Package: multicol 2004/02/14 v1.6e multicolumn formatting (FMi)
\c@tracingmulticols=\count112
\mult@box=\box29
\multicol@leftmargin=\dimen130
\c@unbalance=\count113
\c@collectmore=\count114
\doublecol@number=\count115
\multicoltolerance=\count116
\multicolpretolerance=\count117
\full@width=\dimen131
\page@free=\dimen132
\premulticols=\dimen133
\postmulticols=\dimen134
\multicolsep=\skip43
\multicolbaselineskip=\skip44
\partial@page=\box30
\last@line=\box31
\mult@rightbox=\box32
\mult@grightbox=\box33
\mult@gfirstbox=\box34
\mult@firstbox=\box35
\@tempa=\box36
\@tempa=\box37
\@tempa=\box38
\@tempa=\box39
\@tempa=\box40
\@tempa=\box41
\@tempa=\box42
\@tempa=\box43
\@tempa=\box44
\@tempa=\box45
\@tempa=\box46
\@tempa=\box47
\@tempa=\box48
\@tempa=\box49
\@tempa=\box50
\@tempa=\box51
\@tempa=\box52
\c@columnbadness=\count118
\c@finalcolumnbadness=\count119
\last@try=\dimen135
\multicolovershoot=\dimen136
\multicolundershoot=\dimen137
\mult@nat@firstbox=\box53
\colbreak@box=\box54
)
(/usr/local/teTeX/share/texmf.tetex/tex/latex/graphics/graphicx.sty
Package: graphicx 1999/02/16 v1.0f Enhanced LaTeX Graphics (DPC,SPQR)

(/usr/local/teTeX/share/texmf.tetex/tex/latex/graphics/keyval.sty
Package: keyval 1999/03/16 v1.13 key=value parser (DPC)
\KV@toks@=\toks19
)
(/usr/local/teTeX/share/texmf.tetex/tex/latex/graphics/graphics.sty
Package: graphics 2001/07/07 v1.0n Standard LaTeX Graphics (DPC,SPQR)

(/usr/local/teTeX/share/texmf.tetex/tex/latex/graphics/trig.sty
Package: trig 1999/03/16 v1.09 sin cos tan (DPC)
)
(/usr/local/teTeX/share/texmf.tetex/tex/latex/graphics/graphics.cfg
File: graphics.cfg 2005/02/03 v1.3 graphics configuration of teTeX/TeXLive
)
Package graphics Info: Driver file: pdftex.def on input line 80.
)
\Gin@req@height=\dimen138
\Gin@req@width=\dimen139
)
(/usr/local/teTeX/share/texmf.tetex/tex/latex/base/makeidx.sty
Package: makeidx 2000/03/29 v1.0m Standard LaTeX package
)
(/usr/local/teTeX/share/texmf.tetex/tex/latex/psnfss/courier.sty
Package: courier 2004/09/15 PSNFSS-v9.2 (WaS) 
)
(/usr/local/teTeX/share/texmf.tetex/tex/latex/psnfss/helvet.sty
Package: helvet 2004/09/15 PSNFSS-v9.2 (WaS) 
)
(/usr/local/teTeX/share/texmf.tetex/tex/latex/base/inputenc.sty
Package: inputenc 2004/02/05 v1.0d Input encoding file

(/usr/local/teTeX/share/texmf.tetex/tex/latex/base/latin1.def
File: latin1.def 2004/02/05 v1.0d Input encoding file
))
(/usr/local/teTeX/share/texmf.tetex/tex/latex/amsfonts/amssymb.sty
Package: amssymb 2002/01/22 v2.2d

(/usr/local/teTeX/share/texmf.tetex/tex/latex/amsfonts/amsfonts.sty
Package: amsfonts 2001/10/25 v2.2f
\@emptytoks=\toks20
\symAMSa=\mathgroup4
\symAMSb=\mathgroup5
LaTeX Font Info:    Overwriting math alphabet `\mathfrak' in version `bold'
(Font)                  U/euf/m/n --> U/euf/b/n on input line 132.
))
(/usr/local/teTeX/share/texmf.tetex/tex/latex/amsmath/amsmath.sty
Package: amsmath 2000/07/18 v2.13 AMS math features
\@mathmargin=\skip45

For additional information on amsmath, use the `?' option.
(/usr/local/teTeX/share/texmf.tetex/tex/latex/amsmath/amstext.sty
Package: amstext 2000/06/29 v2.01

(/usr/local/teTeX/share/texmf.tetex/tex/latex/amsmath/amsgen.sty
File: amsgen.sty 1999/11/30 v2.0
\@emptytoks=\toks21
\ex@=\dimen140
))
(/usr/local/teTeX/share/texmf.tetex/tex/latex/amsmath/amsbsy.sty
Package: amsbsy 1999/11/29 v1.2d
\pmbraise@=\dimen141
)
(/usr/local/teTeX/share/texmf.tetex/tex/latex/amsmath/amsopn.sty
Package: amsopn 1999/12/14 v2.01 operator names
)
\inf@bad=\count120
LaTeX Info: Redefining \frac on input line 211.
\uproot@=\count121
\leftroot@=\count122
LaTeX Info: Redefining \overline on input line 307.
\classnum@=\count123
\DOTSCASE@=\count124
LaTeX Info: Redefining \ldots on input line 379.
LaTeX Info: Redefining \dots on input line 382.
LaTeX Info: Redefining \cdots on input line 467.
\Mathstrutbox@=\box55
\strutbox@=\box56
\big@size=\dimen142
LaTeX Font Info:    Redeclaring font encoding OML on input line 567.
LaTeX Font Info:    Redeclaring font encoding OMS on input line 568.


Package amsmath Warning: Unable to redefine math accent \vec.

\macc@depth=\count125
\c@MaxMatrixCols=\count126
\dotsspace@=\muskip10
\c@parentequation=\count127
\dspbrk@lvl=\count128
\tag@help=\toks22
\row@=\count129
\column@=\count130
\maxfields@=\count131
\andhelp@=\toks23
\eqnshift@=\dimen143
\alignsep@=\dimen144
\tagshift@=\dimen145
\tagwidth@=\dimen146
\totwidth@=\dimen147
\lineht@=\dimen148
\@envbody=\toks24
\multlinegap=\skip46
\multlinetaggap=\skip47
\mathdisplay@stack=\toks25
LaTeX Info: Redefining \[ on input line 2666.
LaTeX Info: Redefining \] on input line 2667.
) (/usr/local/teTeX/share/texmf.tetex/tex/latex/amscls/amsthm.sty
Package: amsthm 2004/08/06 v2.20
\thm@style=\toks26
\thm@bodyfont=\toks27
\thm@headfont=\toks28
\thm@notefont=\toks29
\thm@headpunct=\toks30
\thm@preskip=\skip48
\thm@postskip=\skip49
\thm@headsep=\skip50
\dth@everypar=\toks31
LaTeX Info: Redefining \qed on input line 283.


! LaTeX Error: Command \proof already defined.
               Or name \end... illegal, see p.192 of the manual.

See the LaTeX manual or LaTeX Companion for explanation.
Type  H <return>  for immediate help.
 ...                                              
                                                  
l.444 }
       
Your command was ignored.
Type  I <command> <return>  to replace it with another command,
or  <return>  to continue without it.

) (/usr/local/teTeX/share/texmf.tetex/tex/latex/psnfss/mathptmx.sty
Package: mathptmx 2004/09/15 PSNFSS-v9.2 Times w/ Math, improved (SPQR, WaS) 
LaTeX Font Info:    Redeclaring symbol font `operators' on input line 28.
LaTeX Font Info:    Overwriting symbol font `operators' in version `normal'
(Font)                  OT1/cmr/m/n --> OT1/ztmcm/m/n on input line 28.
LaTeX Font Info:    Overwriting symbol font `operators' in version `bold'
(Font)                  OT1/cmr/bx/n --> OT1/ztmcm/m/n on input line 28.
LaTeX Font Info:    Redeclaring symbol font `letters' on input line 29.
LaTeX Font Info:    Overwriting symbol font `letters' in version `normal'
(Font)                  OML/cmm/m/it --> OML/ztmcm/m/it on input line 29.
LaTeX Font Info:    Overwriting symbol font `letters' in version `bold'
(Font)                  OML/cmm/b/it --> OML/ztmcm/m/it on input line 29.
LaTeX Font Info:    Redeclaring symbol font `symbols' on input line 30.
LaTeX Font Info:    Overwriting symbol font `symbols' in version `normal'
(Font)                  OMS/cmsy/m/n --> OMS/ztmcm/m/n on input line 30.
LaTeX Font Info:    Overwriting symbol font `symbols' in version `bold'
(Font)                  OMS/cmsy/b/n --> OMS/ztmcm/m/n on input line 30.
LaTeX Font Info:    Redeclaring symbol font `largesymbols' on input line 31.
LaTeX Font Info:    Overwriting symbol font `largesymbols' in version `normal'
(Font)                  OMX/cmex/m/n --> OMX/ztmcm/m/n on input line 31.
LaTeX Font Info:    Overwriting symbol font `largesymbols' in version `bold'
(Font)                  OMX/cmex/m/n --> OMX/ztmcm/m/n on input line 31.
\symbold=\mathgroup6
\symitalic=\mathgroup7
LaTeX Font Info:    Redeclaring math alphabet \mathbf on input line 34.
LaTeX Font Info:    Overwriting math alphabet `\mathbf' in version `normal'
(Font)                  OT1/cmr/bx/n --> OT1/ptm/bx/n on input line 34.
LaTeX Font Info:    Overwriting math alphabet `\mathbf' in version `bold'
(Font)                  OT1/cmr/bx/n --> OT1/ptm/bx/n on input line 34.
LaTeX Font Info:    Redeclaring math alphabet \mathit on input line 35.
LaTeX Font Info:    Overwriting math alphabet `\mathit' in version `normal'
(Font)                  OT1/cmr/m/it --> OT1/ptm/m/it on input line 35.
LaTeX Font Info:    Overwriting math alphabet `\mathit' in version `bold'
(Font)                  OT1/cmr/bx/it --> OT1/ptm/m/it on input line 35.
LaTeX Info: Redefining \hbar on input line 50.
)
(/usr/local/teTeX/share/texmf.tetex/tex/latex/type1cm/type1cm.sty
Package: type1cm 2002/09/05 v0.04 BlueSky/Y&Y Type1 CM font definitions (DPC, p
atched RF)
)
\@indexfile=\write4
\openout4 = `RankingNodes-092013.idx'.


Writing index file RankingNodes-092013.idx
(./RankingNodes-092013.aux)
\openout1 = `RankingNodes-092013.aux'.

LaTeX Font Info:    Checking defaults for OML/cmm/m/it on input line 30.
LaTeX Font Info:    ... okay on input line 30.
LaTeX Font Info:    Checking defaults for T1/cmr/m/n on input line 30.
LaTeX Font Info:    ... okay on input line 30.
LaTeX Font Info:    Checking defaults for OT1/cmr/m/n on input line 30.
LaTeX Font Info:    ... okay on input line 30.
LaTeX Font Info:    Checking defaults for OMS/cmsy/m/n on input line 30.
LaTeX Font Info:    ... okay on input line 30.
LaTeX Font Info:    Checking defaults for OMX/cmex/m/n on input line 30.
LaTeX Font Info:    ... okay on input line 30.
LaTeX Font Info:    Checking defaults for U/cmr/m/n on input line 30.
LaTeX Font Info:    ... okay on input line 30.
LaTeX Font Info:    Try loading font information for OT1+ptm on input line 30.

(/usr/local/teTeX/share/texmf.tetex/tex/latex/psnfss/ot1ptm.fd
File: ot1ptm.fd 2001/06/04 font definitions for OT1/ptm.
)
(/usr/local/teTeX/share/texmf.tetex/tex/context/base/supp-pdf.tex
(/usr/local/teTeX/share/texmf.tetex/tex/context/base/supp-mis.tex
loading : Context Support Macros / Miscellaneous (2004.10.26)
\protectiondepth=\count132
\scratchcounter=\count133
\scratchtoks=\toks32
\scratchdimen=\dimen149
\scratchskip=\skip51
\scratchmuskip=\muskip11
\scratchbox=\box57
\scratchread=\read1
\scratchwrite=\write5
\zeropoint=\dimen150
\onepoint=\dimen151
\onebasepoint=\dimen152
\minusone=\count134
\thousandpoint=\dimen153
\onerealpoint=\dimen154
\emptytoks=\toks33
\nextbox=\box58
\nextdepth=\dimen155
\everyline=\toks34
\!!counta=\count135
\!!countb=\count136
\recursecounter=\count137
)
loading : Context Support Macros / PDF (2004.03.26)
\nofMPsegments=\count138
\nofMParguments=\count139
\MPscratchCnt=\count140
\MPscratchDim=\dimen156
\MPnumerator=\count141
\everyMPtoPDFconversion=\toks35
)
LaTeX Font Info:    Font shape `OT1/ptm/bx/n' in size <14> not available
(Font)              Font shape `OT1/ptm/b/n' tried instead on input line 41.


Package mathptmx Warning: There are no bold math fonts on input line 41.

LaTeX Font Info:    Font shape `OT1/ptm/bx/n' in size <16> not available
(Font)              Font shape `OT1/ptm/b/n' tried instead on input line 41.
LaTeX Font Info:    Calculating math sizes for size <8.5> on input line 41.
LaTeX Font Info:    Try loading font information for OT1+ztmcm on input line 41
.
(/usr/local/teTeX/share/texmf.tetex/tex/latex/psnfss/ot1ztmcm.fd
File: ot1ztmcm.fd 2000/01/03 Fontinst v1.801 font definitions for OT1/ztmcm.
)
LaTeX Font Info:    Try loading font information for OML+ztmcm on input line 41
.

(/usr/local/teTeX/share/texmf.tetex/tex/latex/psnfss/omlztmcm.fd
File: omlztmcm.fd 2000/01/03 Fontinst v1.801 font definitions for OML/ztmcm.
)
LaTeX Font Info:    Try loading font information for OMS+ztmcm on input line 41
.

(/usr/local/teTeX/share/texmf.tetex/tex/latex/psnfss/omsztmcm.fd
File: omsztmcm.fd 2000/01/03 Fontinst v1.801 font definitions for OMS/ztmcm.
)
LaTeX Font Info:    Try loading font information for OMX+ztmcm on input line 41
.

(/usr/local/teTeX/share/texmf.tetex/tex/latex/psnfss/omxztmcm.fd
File: omxztmcm.fd 2000/01/03 Fontinst v1.801 font definitions for OMX/ztmcm.
)
LaTeX Font Info:    Font shape `OT1/ptm/bx/n' in size <8.5> not available
(Font)              Font shape `OT1/ptm/b/n' tried instead on input line 41.
LaTeX Font Info:    Font shape `OT1/ptm/bx/n' in size <6.29004> not available
(Font)              Font shape `OT1/ptm/b/n' tried instead on input line 41.
LaTeX Font Info:    Font shape `OT1/ptm/bx/n' in size <5.10005> not available
(Font)              Font shape `OT1/ptm/b/n' tried instead on input line 41.
LaTeX Font Info:    Font shape `OT1/ptm/bx/n' in size <10> not available
(Font)              Font shape `OT1/ptm/b/n' tried instead on input line 41.
LaTeX Font Info:    Font shape `OT1/ptm/bx/n' in size <7.4> not available
(Font)              Font shape `OT1/ptm/b/n' tried instead on input line 41.
LaTeX Font Info:    Font shape `OT1/ptm/bx/n' in size <6> not available
(Font)              Font shape `OT1/ptm/b/n' tried instead on input line 41.
LaTeX Font Info:    Font shape `OT1/ptm/bx/n' in size <12> not available
(Font)              Font shape `OT1/ptm/b/n' tried instead on input line 62.


LaTeX Warning: Citation `Raichle:2005' on page 1 undefined on input line 79.


LaTeX Warning: Citation `Fransson:2006' on page 1 undefined on input line 79.


LaTeX Warning: Citation `kokkonen_preoperative_2009' on page 1 undefined on inp
ut line 86.


LaTeX Warning: Citation `damoiseaux_consistent_2006' on page 1 undefined on inp
ut line 86.


LaTeX Warning: Citation `hampson_detection_2002' on page 1 undefined on input l
ine 87.


LaTeX Warning: Citation `hunter_neural_2006' on page 1 undefined on input line 
88.


LaTeX Warning: Citation `fox_spontaneous_2006' on page 1 undefined on input lin
e 89.


LaTeX Warning: Citation `vincent_evidence_2008' on page 1 undefined on input li
ne 90.

[1



{/usr/local/teTeX/share/texmf.local/fonts/map/pdftex/updmap/pdftex.map}]

LaTeX Warning: Citation `Watts:1998' on page 2 undefined on input line 121.


LaTeX Warning: Citation `Bassett:2006' on page 2 undefined on input line 126.


LaTeX Warning: Citation `Supekar:2008' on page 2 undefined on input line 129.


LaTeX Warning: Citation `liu_disrupted_2008' on page 2 undefined on input line 
134.


LaTeX Warning: Citation `liao_altered_2010' on page 2 undefined on input line 1
34.


LaTeX Warning: Citation `Kaiser:2007' on page 2 undefined on input line 142.


LaTeX Warning: Citation `Sanz-Arigita:2010' on page 2 undefined on input line 1
47.


LaTeX Warning: Citation `Seeley:2009' on page 2 undefined on input line 153.


LaTeX Warning: Citation `Mesulam:2009' on page 2 undefined on input line 153.


LaTeX Warning: Citation `Buckner:2009' on page 2 undefined on input line 160.


LaTeX Warning: Citation `liao_altered_2010' on page 2 undefined on input line 1
61.


LaTeX Warning: Citation `liu_disrupted_2008' on page 2 undefined on input line 
161.


LaTeX Warning: Citation `lord_changes_2012' on page 2 undefined on input line 1
62.


LaTeX Warning: Citation `Seeley:2009' on page 2 undefined on input line 164.

[2]

LaTeX Warning: Citation `latora_efficient_2001' on page 3 undefined on input li
ne 178.

LaTeX Font Info:    Font shape `OT1/ptm/bx/it' in size <12> not available
(Font)              Font shape `OT1/ptm/b/it' tried instead on input line 207.
[3]
! Undefined control sequence.
l.227 \footenote
                {http://www.fil.ion.ucl.ac.uk/spm/} and REST v1.7
The control sequence at the end of the top line
of your error message was never \def'ed. If you have
misspelled it (e.g., `\hobx'), type `I' and the correct
spelling (e.g., `I\hbox'). Otherwise just continue,
and I'll forget about whatever was undefined.


LaTeX Warning: Citation `jiao_granger_2011' on page 4 undefined on input line 2
38.


Overfull \hbox (106.30771pt too wide) in paragraph at lines 226--239
[]\OT1/ptm/m/n/10 Data were pre-pro-cessed us-ing Sta-tis-ti-cal Para-met-ric M
ap-ping soft-ware SPM8 http://www.fil.ion.ucl.ac.uk/spm/
 []


LaTeX Warning: Citation `REF' on page 4 undefined on input line 244.


LaTeX Warning: Citation `REF' on page 4 undefined on input line 245.


LaTeX Warning: Citation `REF' on page 4 undefined on input line 257.

[4]

LaTeX Warning: Citation `REFS' on page 5 undefined on input line 293.


LaTeX Warning: Citation `gazzaniga_new_1999' on page 5 undefined on input line 
295.


LaTeX Warning: Citation `Fuster:2000' on page 5 undefined on input line 296.


LaTeX Warning: Citation `bassett_understanding_2011' on page 5 undefined on inp
ut line 299.

[5]

LaTeX Warning: Citation `latora_efficient_2001' on page 6 undefined on input li
ne 321.


LaTeX Warning: Reference `Table:BA' on page 6 undefined on input line 380.

[6]

LaTeX Warning: Reference `' on page 7 undefined on input line 399.

[7]
! Undefined control sequence.
l.457 \displaystyle H(\matcal
                             {X}^{y}) = - \sum_{ij} \mu^{y}_{i}  T_{ij}^{y} ...
The control sequence at the end of the top line
of your error message was never \def'ed. If you have
misspelled it (e.g., `\hobx'), type `I' and the correct
spelling (e.g., `I\hbox'). Otherwise just continue,
and I'll forget about whatever was undefined.

! Undefined control sequence.
l.459  \displaystyle  H(\matcal
                               {X}^{e}) = - \sum_{ij} \mu^{e}_{i}  T_{ij}^{e...
The control sequence at the end of the top line
of your error message was never \def'ed. If you have
misspelled it (e.g., `\hobx'), type `I' and the correct
spelling (e.g., `I\hbox'). Otherwise just continue,
and I'll forget about whatever was undefined.

! Undefined control sequence.
l.477 \displaystyle H(\matcal
                             {X'}) = - \sum_{ij, i,j  \not \subset k } \mu_{...
The control sequence at the end of the top line
of your error message was never \def'ed. If you have
misspelled it (e.g., `\hobx'), type `I' and the correct
spelling (e.g., `I\hbox'). Otherwise just continue,
and I'll forget about whatever was undefined.

[8]
Overfull \hbox (6.01651pt too wide) in paragraph at lines 531--536
[][]\OT1/ptm/m/n/10 NEW PA-PER STARTS HERE ON, FO-CUS ON ADAP-TIVE PRO-CESS RAT
HER
 []


LaTeX Warning: Reference `' on page 9 undefined on input line 540.


LaTeX Warning: Reference `' on page 9 undefined on input line 577.

[9]

LaTeX Warning: Reference `' on page 10 undefined on input line 594.


LaTeX Warning: Citation `Cover:1991' on page 10 undefined on input line 614.


LaTeX Warning: Citation `Burnham:2010' on page 10 undefined on input line 619.

[10]

LaTeX Warning: Citation `Seeley:2009' on page 11 undefined on input line 656.


LaTeX Warning: Citation `liang_widespread_2006' on page 11 undefined on input l
ine 660.


LaTeX Warning: Citation `micheloyannis_small-world_2006' on page 11 undefined o
n input line 661.


LaTeX Warning: Citation `lee_resting-state_2012' on page 11 undefined on input 
line 670.


LaTeX Warning: Citation `van_den_heuvel_exploring_2010' on page 11 undefined on
 input line 679.

[11]

LaTeX Warning: Citation `biswal_functional_1995' on page 12 undefined on input 
line 686.


LaTeX Warning: Citation `raichle_default_2001' on page 12 undefined on input li
ne 686.


LaTeX Warning: Citation `sasai_nirs-fmri_2012' on page 12 undefined on input li
ne 688.


LaTeX Warning: Citation `mantini_electrophysiological_2007' on page 12 undefine
d on input line 689.


LaTeX Warning: Citation `boersma_network_2011' on page 12 undefined on input li
ne 689.


LaTeX Warning: Citation `van_den_heuvel_functionally_2009' on page 12 undefined
 on input line 691.


LaTeX Warning: Citation `lowe_resting_2008' on page 12 undefined on input line 
692.


LaTeX Warning: Citation `cordes_mapping_2000' on page 12 undefined on input lin
e 696.


LaTeX Warning: Citation `fransson_spontaneous_2005' on page 12 undefined on inp
ut line 697.


LaTeX Warning: Citation `buckner_unrest_2007' on page 12 undefined on input lin
e 697.


LaTeX Warning: Citation `bluhm_resting_2009' on page 12 undefined on input line
 698.


LaTeX Warning: Citation `beckmann_investigations_2005' on page 12 undefined on 
input line 703.


LaTeX Warning: Citation `de_luca_fmri_2006' on page 12 undefined on input line 
703.


LaTeX Warning: Citation `thirion_detection_2006' on page 12 undefined on input 
line 704.


LaTeX Warning: Citation `van_den_heuvel_normalized_2008' on page 12 undefined o
n input line 705.


LaTeX Warning: Citation `lord_changes_2012' on page 12 undefined on input line 
706.


LaTeX Warning: Citation `zeng_identifying_2012' on page 12 undefined on input l
ine 706.


LaTeX Warning: Citation `friston_modes_1998' on page 12 undefined on input line
 709.


LaTeX Warning: Citation `chen_group_2008' on page 12 undefined on input line 71
8.


LaTeX Warning: Citation `wang_parcellation-dependent_2009' on page 12 undefined
 on input line 724.


LaTeX Warning: Citation `faria_atlas-based_2012' on page 12 undefined on input 
line 724.


LaTeX Warning: Citation `wang_high-dimensional_2010' on page 12 undefined on in
put line 730.


LaTeX Warning: Citation `van_den_heuvel_exploring_2010' on page 12 undefined on
 input line 733.

(./RankingNodes-092013.bbl) [12]
<figures/PowerLawplfit.pdf, id=69, 562.1pt x 421.575pt>
File: figures/PowerLawplfit.pdf Graphic file (type pdf)

<use figures/PowerLawplfit.pdf>
<figures/Normaldistrib.pdf, id=70, 562.1pt x 421.575pt>
File: figures/Normaldistrib.pdf Graphic file (type pdf)

<use figures/Normaldistrib.pdf>

LaTeX Warning: `!h' float specifier changed to `!ht'.

<figures/Pajek9090.pdf, id=71, 1130.2225pt x 741.77126pt>
File: figures/Pajek9090.pdf Graphic file (type pdf)

<use figures/Pajek9090.pdf>

LaTeX Warning: `!h' float specifier changed to `!ht'.


LaTeX Warning: Citation `maslov_specificity_2002' on page 13 undefined on input
 line 843.

[13 <./figures/PowerLawplfit.pdf>]
<figures/MaslovRandZK1K2.pdf, id=83, 845.0471pt x 597.52231pt>
File: figures/MaslovRandZK1K2.pdf Graphic file (type pdf)

<use figures/MaslovRandZK1K2.pdf>

LaTeX Warning: `!h' float specifier changed to `!ht'.

[14 <./figures/Normaldistrib.pdf>] [15 <./figures/Pajek9090.pdf>] [16 <./figure
s/MaslovRandZK1K2.pdf>] (./RankingNodes-092013.aux)

LaTeX Warning: There were undefined references.

 ) 
Here is how much of TeX's memory you used:
 3021 strings out of 95137
 38539 string characters out of 1183013
 2090445 words of memory out of 4545280
 6093 multiletter control sequences out of 10000+50000
 47136 words of font info for 103 fonts, out of 2000000 for 2000
 58 hyphenation exceptions out of 5000
 29i,8n,24p,236b,266s stack positions out of 5000i,500n,6000p,200000b,40000s
PDF statistics:
 118 PDF objects out of 300000
 0 named destinations out of 131072
 21 words of extra memory for PDF output out of 10000
</usr/local/teTeX/share/texmf.tetex/fonts/type1/hoekwater/rsfs/rsfs10.pfb></u
sr/local/teTeX/share/texmf.tetex/fonts/type1/urw/symbol/usyr.pfb></usr/local/te
TeX/share/texmf.tetex/fonts/type1/bluesky/cm/cmsy10.pfb></usr/local/teTeX/share
/texmf.tetex/fonts/type1/urw/symbol/usyr.pfb></usr/local/teTeX/share/texmf.tete
x/fonts/type1/bluesky/cm/cmmi10.pfb>{/usr/local/teTeX/share/texmf.tetex/fonts/e
nc/dvips/psnfss/8r.enc}</usr/local/teTeX/share/texmf.tetex/fonts/type1/urw/time
s/utmri8a.pfb></usr/local/teTeX/share/texmf.tetex/fonts/type1/bluesky/cm/cmr10.
pfb></usr/local/teTeX/share/texmf.tetex/fonts/type1/urw/times/utmbi8a.pfb></usr
/local/teTeX/share/texmf.tetex/fonts/type1/urw/times/utmr8a.pfb></usr/local/teT
eX/share/texmf.tetex/fonts/type1/urw/times/utmb8a.pfb>
Output written on RankingNodes-092013.pdf (16 pages, 2535772 bytes).
