This is pdfeTeX, Version 3.141592-1.30.4-2.2 (Web2C 7.5.5) (format=pdflatex 2006.6.21)  6 NOV 2015 17:09
entering extended mode
**graphADrobustness-11032015.tex
(./graphADrobustness-11032015.tex
LaTeX2e <2003/12/01>
Babel <v3.8d> and hyphenation patterns for american, french, german, ngerman, d
utch, italian, norsk, portuges, spanish, swedish, nohyphenation, loaded.
(./article.cls
Document Class: article 2007/10/19 v1.4h Standard LaTeX document class
(/usr/local/teTex/share/texmf.tetex/tex/latex/base/size12.clo
File: size12.clo 2004/02/16 v1.4f Standard LaTeX file (size option)
)
\c@part=\count79
\c@section=\count80
\c@subsection=\count81
\c@subsubsection=\count82
\c@paragraph=\count83
\c@subparagraph=\count84
\c@figure=\count85
\c@table=\count86
\abovecaptionskip=\skip41
\belowcaptionskip=\skip42
\bibindent=\dimen102
)
(/usr/local/teTex/share/texmf.tetex/tex/latex/base/fontenc.sty
Package: fontenc 2004/02/22 v1.99f Standard LaTeX package

(/usr/local/teTex/share/texmf.tetex/tex/latex/base/t1enc.def
File: t1enc.def 2004/02/22 v1.99f Standard LaTeX file
LaTeX Font Info:    Redeclaring font encoding T1 on input line 43.
))
(/usr/local/teTex/share/texmf.tetex/tex/latex/base/inputenc.sty
Package: inputenc 2004/02/05 v1.0d Input encoding file
)
(/usr/local/teTex/share/texmf.tetex/tex/latex/amsfonts/amssymb.sty
Package: amssymb 2002/01/22 v2.2d

(/usr/local/teTex/share/texmf.tetex/tex/latex/amsfonts/amsfonts.sty
Package: amsfonts 2001/10/25 v2.2f
\@emptytoks=\toks14
\symAMSa=\mathgroup4
\symAMSb=\mathgroup5
LaTeX Font Info:    Overwriting math alphabet `\mathfrak' in version `bold'
(Font)                  U/euf/m/n --> U/euf/b/n on input line 132.
))
(/usr/local/teTex/share/texmf.tetex/tex/latex/amsmath/amsmath.sty
Package: amsmath 2000/07/18 v2.13 AMS math features
\@mathmargin=\skip43

For additional information on amsmath, use the `?' option.
(/usr/local/teTex/share/texmf.tetex/tex/latex/amsmath/amstext.sty
Package: amstext 2000/06/29 v2.01

(/usr/local/teTex/share/texmf.tetex/tex/latex/amsmath/amsgen.sty
File: amsgen.sty 1999/11/30 v2.0
\@emptytoks=\toks15
\ex@=\dimen103
))
(/usr/local/teTex/share/texmf.tetex/tex/latex/amsmath/amsbsy.sty
Package: amsbsy 1999/11/29 v1.2d
\pmbraise@=\dimen104
)
(/usr/local/teTex/share/texmf.tetex/tex/latex/amsmath/amsopn.sty
Package: amsopn 1999/12/14 v2.01 operator names
)
\inf@bad=\count87
LaTeX Info: Redefining \frac on input line 211.
\uproot@=\count88
\leftroot@=\count89
LaTeX Info: Redefining \overline on input line 307.
\classnum@=\count90
\DOTSCASE@=\count91
LaTeX Info: Redefining \ldots on input line 379.
LaTeX Info: Redefining \dots on input line 382.
LaTeX Info: Redefining \cdots on input line 467.
\Mathstrutbox@=\box26
\strutbox@=\box27
\big@size=\dimen105
LaTeX Font Info:    Redeclaring font encoding OML on input line 567.
LaTeX Font Info:    Redeclaring font encoding OMS on input line 568.
\macc@depth=\count92
\c@MaxMatrixCols=\count93
\dotsspace@=\muskip10
\c@parentequation=\count94
\dspbrk@lvl=\count95
\tag@help=\toks16
\row@=\count96
\column@=\count97
\maxfields@=\count98
\andhelp@=\toks17
\eqnshift@=\dimen106
\alignsep@=\dimen107
\tagshift@=\dimen108
\tagwidth@=\dimen109
\totwidth@=\dimen110
\lineht@=\dimen111
\@envbody=\toks18
\multlinegap=\skip44
\multlinetaggap=\skip45
\mathdisplay@stack=\toks19
LaTeX Info: Redefining \[ on input line 2666.
LaTeX Info: Redefining \] on input line 2667.
)
(/usr/local/teTex/share/texmf.tetex/tex/latex/booktabs/booktabs.sty
Package: booktabs 2003/03/28 v1.618 publication quality tables
\heavyrulewidth=\dimen112
\lightrulewidth=\dimen113
\cmidrulewidth=\dimen114
\belowrulesep=\dimen115
\belowbottomsep=\dimen116
\aboverulesep=\dimen117
\abovetopsep=\dimen118
\cmidrulesep=\dimen119
\cmidrulekern=\dimen120
\defaultaddspace=\dimen121
\@cmidla=\count99
\@cmidlb=\count100
\@aboverulesep=\dimen122
\@belowrulesep=\dimen123
\@thisruleclass=\count101
\@lastruleclass=\count102
\@thisrulewidth=\dimen124
)
(./subfigure.sty
Package: subfigure 1995/03/06 v2.0 subfigure package

Package: subfigure 1995/03/06 v2.0
\c@subfigure=\count103
\c@lofdepth=\count104
\c@subtable=\count105
\c@lotdepth=\count106
) (/usr/local/teTex/share/texmf.tetex/tex/latex/float/float.sty
Package: float 2001/11/08 v1.3d Float enhancements (AL)
\c@float@type=\count107
\float@exts=\toks20
\float@box=\box28
\@float@everytoks=\toks21
\@floatcapt=\box29
)
(./graphicx.sty
Package: graphicx 2014/10/28 v1.0g Enhanced LaTeX Graphics (DPC,SPQR)
 (./keyval.sty
Package: keyval 2014/10/28 v1.15 key=value parser (DPC)
\KV@toks@=\toks22
) (./graphics.sty
Package: graphics 2014/10/28 v1.0p Standard LaTeX Graphics (DPC,SPQR)
 (./trig.sty
Package: trig 1999/03/16 v1.09 sin cos tan (DPC)
)
(/usr/local/teTex/share/texmf.tetex/tex/latex/graphics/graphics.cfg
File: graphics.cfg 2005/02/03 v1.3 graphics configuration of teTeX/TeXLive
)
Package graphics Info: Driver file: pdftex.def on input line 94.

(/usr/local/teTex/share/texmf.tetex/tex/latex/graphics/pdftex.def
File: pdftex.def 2002/06/19 v0.03k graphics/color for pdftex
\Gread@gobject=\count108
))
\Gin@req@height=\dimen125
\Gin@req@width=\dimen126
)
(/usr/local/teTex/share/texmf.tetex/tex/latex/oberdiek/epstopdf.sty
Package: epstopdf 2001/02/04 v1.1 Conversion with epstopdf on the fly (HO)
)
(/usr/local/teTex/share/texmf.tetex/tex/latex/base/textcomp.sty
Package: textcomp 2004/02/22 v1.99f Standard LaTeX package
Package textcomp Info: Sub-encoding information:
(textcomp)               5 = only ISO-Adobe without \textcurrency
(textcomp)               4 = 5 + \texteuro
(textcomp)               3 = 4 + \textohm
(textcomp)               2 = 3 + \textestimated + \textcurrency
(textcomp)               1 = TS1 - \textcircled - \t
(textcomp)               0 = TS1 (full)
(textcomp)             Font families with sub-encoding setting implement
(textcomp)             only a restricted character set as indicated.
(textcomp)             Family '?' is the default used for unknown fonts.
(textcomp)             See the documentation for details.
Package textcomp Info: Setting ? sub-encoding to TS1/1 on input line 71.

(/usr/local/teTex/share/texmf.tetex/tex/latex/base/ts1enc.def
File: ts1enc.def 2001/06/05 v3.0e (jk/car/fm) Standard LaTeX file
)
LaTeX Info: Redefining \oldstylenums on input line 266.
Package textcomp Info: Setting cmr sub-encoding to TS1/0 on input line 281.
Package textcomp Info: Setting cmss sub-encoding to TS1/0 on input line 282.
Package textcomp Info: Setting cmtt sub-encoding to TS1/0 on input line 283.
Package textcomp Info: Setting cmvtt sub-encoding to TS1/0 on input line 284.
Package textcomp Info: Setting cmbr sub-encoding to TS1/0 on input line 285.
Package textcomp Info: Setting cmtl sub-encoding to TS1/0 on input line 286.
Package textcomp Info: Setting ccr sub-encoding to TS1/0 on input line 287.
Package textcomp Info: Setting ptm sub-encoding to TS1/4 on input line 288.
Package textcomp Info: Setting pcr sub-encoding to TS1/4 on input line 289.
Package textcomp Info: Setting phv sub-encoding to TS1/4 on input line 290.
Package textcomp Info: Setting ppl sub-encoding to TS1/3 on input line 291.
Package textcomp Info: Setting pag sub-encoding to TS1/4 on input line 292.
Package textcomp Info: Setting pbk sub-encoding to TS1/4 on input line 293.
Package textcomp Info: Setting pnc sub-encoding to TS1/4 on input line 294.
Package textcomp Info: Setting pzc sub-encoding to TS1/4 on input line 295.
Package textcomp Info: Setting bch sub-encoding to TS1/4 on input line 296.
Package textcomp Info: Setting put sub-encoding to TS1/5 on input line 297.
Package textcomp Info: Setting uag sub-encoding to TS1/5 on input line 298.
Package textcomp Info: Setting ugq sub-encoding to TS1/5 on input line 299.
Package textcomp Info: Setting ul8 sub-encoding to TS1/4 on input line 300.
Package textcomp Info: Setting ul9 sub-encoding to TS1/4 on input line 301.
Package textcomp Info: Setting augie sub-encoding to TS1/5 on input line 302.
Package textcomp Info: Setting dayrom sub-encoding to TS1/3 on input line 303.
Package textcomp Info: Setting dayroms sub-encoding to TS1/3 on input line 304.

Package textcomp Info: Setting pxr sub-encoding to TS1/0 on input line 305.
Package textcomp Info: Setting pxss sub-encoding to TS1/0 on input line 306.
Package textcomp Info: Setting pxtt sub-encoding to TS1/0 on input line 307.
Package textcomp Info: Setting txr sub-encoding to TS1/0 on input line 308.
Package textcomp Info: Setting txss sub-encoding to TS1/0 on input line 309.
Package textcomp Info: Setting txtt sub-encoding to TS1/0 on input line 310.
Package textcomp Info: Setting futs sub-encoding to TS1/4 on input line 311.
Package textcomp Info: Setting futx sub-encoding to TS1/4 on input line 312.
Package textcomp Info: Setting futj sub-encoding to TS1/4 on input line 313.
Package textcomp Info: Setting hlh sub-encoding to TS1/3 on input line 314.
Package textcomp Info: Setting hls sub-encoding to TS1/3 on input line 315.
Package textcomp Info: Setting hlst sub-encoding to TS1/3 on input line 316.
Package textcomp Info: Setting hlct sub-encoding to TS1/5 on input line 317.
Package textcomp Info: Setting hlx sub-encoding to TS1/5 on input line 318.
Package textcomp Info: Setting hlce sub-encoding to TS1/5 on input line 319.
Package textcomp Info: Setting hlcn sub-encoding to TS1/5 on input line 320.
Package textcomp Info: Setting hlcw sub-encoding to TS1/5 on input line 321.
Package textcomp Info: Setting hlcf sub-encoding to TS1/5 on input line 322.
Package textcomp Info: Setting pplx sub-encoding to TS1/3 on input line 323.
Package textcomp Info: Setting pplj sub-encoding to TS1/3 on input line 324.
Package textcomp Info: Setting ptmx sub-encoding to TS1/4 on input line 325.
Package textcomp Info: Setting ptmj sub-encoding to TS1/4 on input line 326.
)
(/usr/local/teTex/share/texmf.tetex/tex/latex/psnfss/mathptmx.sty
Package: mathptmx 2004/09/15 PSNFSS-v9.2 Times w/ Math, improved (SPQR, WaS) 
LaTeX Font Info:    Redeclaring symbol font `operators' on input line 28.
LaTeX Font Info:    Overwriting symbol font `operators' in version `normal'
(Font)                  OT1/cmr/m/n --> OT1/ztmcm/m/n on input line 28.
LaTeX Font Info:    Overwriting symbol font `operators' in version `bold'
(Font)                  OT1/cmr/bx/n --> OT1/ztmcm/m/n on input line 28.
LaTeX Font Info:    Redeclaring symbol font `letters' on input line 29.
LaTeX Font Info:    Overwriting symbol font `letters' in version `normal'
(Font)                  OML/cmm/m/it --> OML/ztmcm/m/it on input line 29.
LaTeX Font Info:    Overwriting symbol font `letters' in version `bold'
(Font)                  OML/cmm/b/it --> OML/ztmcm/m/it on input line 29.
LaTeX Font Info:    Redeclaring symbol font `symbols' on input line 30.
LaTeX Font Info:    Overwriting symbol font `symbols' in version `normal'
(Font)                  OMS/cmsy/m/n --> OMS/ztmcm/m/n on input line 30.
LaTeX Font Info:    Overwriting symbol font `symbols' in version `bold'
(Font)                  OMS/cmsy/b/n --> OMS/ztmcm/m/n on input line 30.
LaTeX Font Info:    Redeclaring symbol font `largesymbols' on input line 31.
LaTeX Font Info:    Overwriting symbol font `largesymbols' in version `normal'
(Font)                  OMX/cmex/m/n --> OMX/ztmcm/m/n on input line 31.
LaTeX Font Info:    Overwriting symbol font `largesymbols' in version `bold'
(Font)                  OMX/cmex/m/n --> OMX/ztmcm/m/n on input line 31.
\symbold=\mathgroup6
\symitalic=\mathgroup7
LaTeX Font Info:    Redeclaring math alphabet \mathbf on input line 34.
LaTeX Font Info:    Overwriting math alphabet `\mathbf' in version `normal'
(Font)                  OT1/cmr/bx/n --> OT1/ptm/bx/n on input line 34.
LaTeX Font Info:    Overwriting math alphabet `\mathbf' in version `bold'
(Font)                  OT1/cmr/bx/n --> OT1/ptm/bx/n on input line 34.
LaTeX Font Info:    Redeclaring math alphabet \mathit on input line 35.
LaTeX Font Info:    Overwriting math alphabet `\mathit' in version `normal'
(Font)                  OT1/cmr/m/it --> OT1/ptm/m/it on input line 35.
LaTeX Font Info:    Overwriting math alphabet `\mathit' in version `bold'
(Font)                  OT1/cmr/bx/it --> OT1/ptm/m/it on input line 35.
LaTeX Info: Redefining \hbar on input line 50.
)
(/usr/local/teTex/share/texmf.tetex/tex/latex/psnfss/helvet.sty
Package: helvet 2004/09/15 PSNFSS-v9.2 (WaS) 
)
(/usr/local/teTex/share/texmf.tetex/tex/latex/psnfss/courier.sty
Package: courier 2004/09/15 PSNFSS-v9.2 (WaS) 
)
(/usr/local/teTex/share/texmf.tetex/tex/latex/type1cm/type1cm.sty
Package: type1cm 2002/09/05 v0.04 BlueSky/Y&Y Type1 CM font definitions (DPC, p
atched RF)
)
(/usr/local/teTex/share/texmf.tetex/tex/latex/base/makeidx.sty
Package: makeidx 2000/03/29 v1.0m Standard LaTeX package
)
(/usr/local/teTex/share/texmf.tetex/tex/latex/tools/multicol.sty
Package: multicol 2004/02/14 v1.6e multicolumn formatting (FMi)
\c@tracingmulticols=\count109
\mult@box=\box30
\multicol@leftmargin=\dimen127
\c@unbalance=\count110
\c@collectmore=\count111
\doublecol@number=\count112
\multicoltolerance=\count113
\multicolpretolerance=\count114
\full@width=\dimen128
\page@free=\dimen129
\premulticols=\dimen130
\postmulticols=\dimen131
\multicolsep=\skip46
\multicolbaselineskip=\skip47
\partial@page=\box31
\last@line=\box32
\mult@rightbox=\box33
\mult@grightbox=\box34
\mult@gfirstbox=\box35
\mult@firstbox=\box36
\@tempa=\box37
\@tempa=\box38
\@tempa=\box39
\@tempa=\box40
\@tempa=\box41
\@tempa=\box42
\@tempa=\box43
\@tempa=\box44
\@tempa=\box45
\@tempa=\box46
\@tempa=\box47
\@tempa=\box48
\@tempa=\box49
\@tempa=\box50
\@tempa=\box51
\@tempa=\box52
\@tempa=\box53
\c@columnbadness=\count115
\c@finalcolumnbadness=\count116
\last@try=\dimen132
\multicolovershoot=\dimen133
\multicolundershoot=\dimen134
\mult@nat@firstbox=\box54
\colbreak@box=\box55
)
(/usr/local/teTex/share/texmf.tetex/tex/latex/tools/array.sty
Package: array 2003/12/17 v2.4a Tabular extension package (FMi)
\col@sep=\dimen135
\extrarowheight=\dimen136
\NC@list=\toks23
\extratabsurround=\skip48
\backup@length=\skip49
)
(/usr/local/teTex/share/texmf.tetex/tex/latex/tools/tabularx.sty
Package: tabularx 1999/01/07 v2.07 `tabularx' package (DPC)
\TX@col@width=\dimen137
\TX@old@table=\dimen138
\TX@old@col=\dimen139
\TX@target=\dimen140
\TX@delta=\dimen141
\TX@cols=\count117
\TX@ftn=\toks24
)
(/usr/local/teTex/share/texmf.tetex/tex/latex/preprint/authblk.sty
Package: authblk 2001/02/27 1.3 (PWD)
\affilsep=\skip50
\@affilsep=\skip51
\c@Maxaffil=\count118
\c@authors=\count119
\c@affil=\count120
)
(/usr/local/teTex/share/texmf.tetex/tex/latex/caption/caption.sty
Package: caption 2004/07/16 v3.0c Customising captions (AS)
\captionmargin=\dimen142
\captionwidth=\dimen143
\captionindent=\dimen144
\captionparindent=\dimen145
\captionhangindent=\dimen146
Package caption Info: float package v1.2 (or newer) detected on input line 589.

)
\@indexfile=\write3
\openout3 = `graphADrobustness-11032015.idx'.


Writing index file graphADrobustness-11032015.idx
(./graphADrobustness-11032015.aux

LaTeX Warning: Label `subfig-1:dummy' multiply defined.


LaTeX Warning: Label `subfig-2:dummy' multiply defined.


LaTeX Warning: Label `subfig-1:dummy' multiply defined.


LaTeX Warning: Label `subfig-2:dummy' multiply defined.


LaTeX Warning: Label `subfig-1:dummy' multiply defined.


LaTeX Warning: Label `subfig-2:dummy' multiply defined.


LaTeX Warning: Label `subfig-1:dummy' multiply defined.


LaTeX Warning: Label `subfig-2:dummy' multiply defined.


LaTeX Warning: Label `subfig-1:dummy' multiply defined.


LaTeX Warning: Label `subfig-2:dummy' multiply defined.


LaTeX Warning: Label `subfig-1:dummy' multiply defined.


LaTeX Warning: Label `subfig-2:dummy' multiply defined.


LaTeX Warning: Label `subfig-1:dummy' multiply defined.


LaTeX Warning: Label `subfig-2:dummy' multiply defined.


LaTeX Warning: Label `subfig-1:dummy' multiply defined.


LaTeX Warning: Label `subfig-2:dummy' multiply defined.

)
\openout1 = `graphADrobustness-11032015.aux'.

LaTeX Font Info:    Checking defaults for OML/cmm/m/it on input line 50.
LaTeX Font Info:    ... okay on input line 50.
LaTeX Font Info:    Checking defaults for T1/cmr/m/n on input line 50.
LaTeX Font Info:    ... okay on input line 50.
LaTeX Font Info:    Checking defaults for OT1/cmr/m/n on input line 50.
LaTeX Font Info:    ... okay on input line 50.
LaTeX Font Info:    Checking defaults for OMS/cmsy/m/n on input line 50.
LaTeX Font Info:    ... okay on input line 50.
LaTeX Font Info:    Checking defaults for OMX/cmex/m/n on input line 50.
LaTeX Font Info:    ... okay on input line 50.
LaTeX Font Info:    Checking defaults for U/cmr/m/n on input line 50.
LaTeX Font Info:    ... okay on input line 50.
LaTeX Font Info:    Checking defaults for TS1/cmr/m/n on input line 50.
LaTeX Font Info:    Try loading font information for TS1+cmr on input line 50.
 (/usr/local/teTex/share/texmf.tetex/tex/latex/base/ts1cmr.fd
File: ts1cmr.fd 1999/05/25 v2.5h Standard LaTeX font definitions
)
LaTeX Font Info:    ... okay on input line 50.
LaTeX Font Info:    Try loading font information for T1+ptm on input line 50.

(/usr/local/teTex/share/texmf.tetex/tex/latex/psnfss/t1ptm.fd
File: t1ptm.fd 2001/06/04 font definitions for T1/ptm.
)
(/usr/local/teTex/share/texmf.tetex/tex/context/base/supp-pdf.tex
(/usr/local/teTex/share/texmf.tetex/tex/context/base/supp-mis.tex
loading : Context Support Macros / Miscellaneous (2004.10.26)
\protectiondepth=\count121
\scratchcounter=\count122
\scratchtoks=\toks25
\scratchdimen=\dimen147
\scratchskip=\skip52
\scratchmuskip=\muskip11
\scratchbox=\box56
\scratchread=\read1
\scratchwrite=\write4
\zeropoint=\dimen148
\onepoint=\dimen149
\onebasepoint=\dimen150
\minusone=\count123
\thousandpoint=\dimen151
\onerealpoint=\dimen152
\emptytoks=\toks26
\nextbox=\box57
\nextdepth=\dimen153
\everyline=\toks27
\!!counta=\count124
\!!countb=\count125
\recursecounter=\count126
)
loading : Context Support Macros / PDF (2004.03.26)
\nofMPsegments=\count127
\nofMParguments=\count128
\MPscratchCnt=\count129
\MPscratchDim=\dimen154
\MPnumerator=\count130
\everyMPtoPDFconversion=\toks28
) (/usr/local/teTex/share/texmf.tetex/tex/latex/ms/ragged2e.sty
Package: ragged2e 2003/03/25 v2.04 ragged2e Package (MS)

(/usr/local/teTex/share/texmf.tetex/tex/latex/ms/everysel.sty
Package: everysel 1999/06/08 v1.03 EverySelectfont Package (MS)
LaTeX Info: Redefining \selectfont on input line 125.
)
\CenteringLeftskip=\skip53
\RaggedLeftLeftskip=\skip54
\RaggedRightLeftskip=\skip55
\CenteringRightskip=\skip56
\RaggedLeftRightskip=\skip57
\RaggedRightRightskip=\skip58
\CenteringParfillskip=\skip59
\RaggedLeftParfillskip=\skip60
\RaggedRightParfillskip=\skip61
\JustifyingParfillskip=\skip62
\CenteringParindent=\skip63
\RaggedLeftParindent=\skip64
\RaggedRightParindent=\skip65
\JustifyingParindent=\skip66
)
LaTeX Font Info:    Try loading font information for OT1+ztmcm on input line 53
.

(/usr/local/teTex/share/texmf.tetex/tex/latex/psnfss/ot1ztmcm.fd
File: ot1ztmcm.fd 2000/01/03 Fontinst v1.801 font definitions for OT1/ztmcm.
)
LaTeX Font Info:    Try loading font information for OML+ztmcm on input line 53
.

(/usr/local/teTex/share/texmf.tetex/tex/latex/psnfss/omlztmcm.fd
File: omlztmcm.fd 2000/01/03 Fontinst v1.801 font definitions for OML/ztmcm.
)
LaTeX Font Info:    Try loading font information for OMS+ztmcm on input line 53
.

(/usr/local/teTex/share/texmf.tetex/tex/latex/psnfss/omsztmcm.fd
File: omsztmcm.fd 2000/01/03 Fontinst v1.801 font definitions for OMS/ztmcm.
)
LaTeX Font Info:    Try loading font information for OMX+ztmcm on input line 53
.

(/usr/local/teTex/share/texmf.tetex/tex/latex/psnfss/omxztmcm.fd
File: omxztmcm.fd 2000/01/03 Fontinst v1.801 font definitions for OMX/ztmcm.
)
LaTeX Font Info:    Try loading font information for OT1+ptm on input line 53.

(/usr/local/teTex/share/texmf.tetex/tex/latex/psnfss/ot1ptm.fd
File: ot1ptm.fd 2001/06/04 font definitions for OT1/ptm.
)
LaTeX Font Info:    Font shape `OT1/ptm/bx/n' in size <14.4> not available
(Font)              Font shape `OT1/ptm/b/n' tried instead on input line 53.
LaTeX Font Info:    Font shape `OT1/ptm/bx/n' in size <10.95> not available
(Font)              Font shape `OT1/ptm/b/n' tried instead on input line 53.
LaTeX Font Info:    Font shape `OT1/ptm/bx/n' in size <8> not available
(Font)              Font shape `OT1/ptm/b/n' tried instead on input line 53.
LaTeX Font Info:    Font shape `OT1/ptm/bx/n' in size <6> not available
(Font)              Font shape `OT1/ptm/b/n' tried instead on input line 53.
LaTeX Font Info:    Font shape `OT1/ptm/bx/n' in size <10> not available
(Font)              Font shape `OT1/ptm/b/n' tried instead on input line 53.
LaTeX Font Info:    Font shape `OT1/ptm/bx/n' in size <7.4> not available
(Font)              Font shape `OT1/ptm/b/n' tried instead on input line 53.
LaTeX Font Info:    Calculating math sizes for size <7.4> on input line 53.
LaTeX Font Info:    Font shape `OT1/ptm/bx/n' in size <5.47603> not available
(Font)              Font shape `OT1/ptm/b/n' tried instead on input line 53.
LaTeX Font Info:    Font shape `OT1/ptm/bx/n' in size <4.44003> not available
(Font)              Font shape `OT1/ptm/b/n' tried instead on input line 53.
LaTeX Font Info:    Font shape `T1/ptm/bx/n' in size <10.95> not available
(Font)              Font shape `T1/ptm/b/n' tried instead on input line 55.
LaTeX Font Info:    Font shape `T1/ptm/bx/n' in size <17.28> not available
(Font)              Font shape `T1/ptm/b/n' tried instead on input line 69.
 [1

{/usr/local/teTex/share/texmf.local/fonts/map/pdftex/updmap/pdftex.map}] [2]
Overfull \hbox (8.53477pt too wide) in paragraph at lines 118--144
[]\T1/ptm/m/n/10.95 Network-based ap-proaches to rs-fMRI have demon-strated non
-trivial topo-
 []

[3]
LaTeX Font Info:    Font shape `T1/ptm/bx/n' in size <14.4> not available
(Font)              Font shape `T1/ptm/b/n' tried instead on input line 163.
LaTeX Font Info:    Try loading font information for TS1+ptm on input line 185.

 (/usr/local/teTex/share/texmf.tetex/tex/latex/psnfss/ts1ptm.fd
File: ts1ptm.fd 2001/06/04 font definitions for TS1/ptm.
)
Overfull \hbox (3.21277pt too wide) in paragraph at lines 179--191
\T1/ptm/m/n/10.95 Data were pre-pro-cessed us-ing Sta-tis-ti-cal Para-met-ric M
ap-ping soft-ware SPM8
 []

[4] [5] [6] <figures/youngadjmatrix.pdf, id=44, 621.32124pt x 614.295pt>
File: figures/youngadjmatrix.pdf Graphic file (type pdf)

<use figures/youngadjmatrix.pdf>
<figures/oldadjmatrix.pdf, id=45, 641.39626pt x 612.2875pt>
File: figures/oldadjmatrix.pdf Graphic file (type pdf)

<use figures/oldadjmatrix.pdf>
Overfull \hbox (14.12361pt too wide) in paragraph at lines 289--298
[][]  [] 
 []

[7] [8 <./figures/youngadjmatrix.pdf> <./figures/oldadjmatrix.pdf>] [9]
system(epstopdf figures/Fig-2-y-boxplot-eff_p.eps)...disabled.


<figures/Fig-2-y-boxplot-eff_p.pdf, id=70, 648.4225pt x 544.0325pt>
File: figures/Fig-2-y-boxplot-eff_p.pdf Graphic file (type pdf)

<use figures/Fig-2-y-boxplot-eff_p.pdf>
system(epstopdf figures/Fig-2-o-boxplot-eff_p.eps)...disabled.


<figures/Fig-2-o-boxplot-eff_p.pdf, id=71, 657.45625pt x 589.20125pt>
File: figures/Fig-2-o-boxplot-eff_p.pdf Graphic file (type pdf)

<use figures/Fig-2-o-boxplot-eff_p.pdf>
<figures/regressionyoung.pdf, id=72, 577.15625pt x 441.65pt>
File: figures/regressionyoung.pdf Graphic file (type pdf)

<use figures/regressionyoung.pdf>
<figures/regressionold.pdf, id=73, 643.40375pt x 491.8375pt>
File: figures/regressionold.pdf Graphic file (type pdf)

<use figures/regressionold.pdf>

LaTeX Warning: Float too large for page by 2.1378pt on input line 363.

<figures/fig-4-eff-loss.pdf, id=74, 791.95876pt x 627.34375pt>
File: figures/fig-4-eff-loss.pdf Graphic file (type pdf)

<use figures/fig-4-eff-loss.pdf>
<figures/lossdistrib-greenisYoung-blueisold.pdf, id=75, 767.86874pt x 614.295pt
>
File: figures/lossdistrib-greenisYoung-blueisold.pdf Graphic file (type pdf)
 <use figures/lossdistrib-greenisYoung-blueisold.pdf>
Overfull \hbox (12.1769pt too wide) in paragraph at lines 367--376
[][]  [] 
 []

<figures/Young_Nodes_Full_EffLossx100.pdf, id=76, 2007.5pt x 1506.62875pt>
File: figures/Young_Nodes_Full_EffLossx100.pdf Graphic file (type pdf)

<use figures/Young_Nodes_Full_EffLossx100.pdf>
<figures/Old_Nodes_Full_EffLossx100.pdf, id=77, 2007.5pt x 1506.62875pt>
File: figures/Old_Nodes_Full_EffLossx100.pdf Graphic file (type pdf)

<use figures/Old_Nodes_Full_EffLossx100.pdf>
Overfull \hbox (8.22467pt too wide) in paragraph at lines 381--388
[][]  [] 
 []

[10 <./figures/Young_Nodes_Full_EffLossx100.pdf> <./figures/Old_Nodes_Full_EffL
ossx100.pdf>] <figures/Young-DMN-Sagittal.pdf, id=95, 2007.5pt x 1506.62875pt>
File: figures/Young-DMN-Sagittal.pdf Graphic file (type pdf)

<use figures/Young-DMN-Sagittal.pdf>
<figures/Old-DMN-Sagittal.pdf, id=96, 2007.5pt x 1506.62875pt>
File: figures/Old-DMN-Sagittal.pdf Graphic file (type pdf)

<use figures/Old-DMN-Sagittal.pdf>
<figures/Young-Frontal-Sagittal.pdf, id=97, 2007.5pt x 1506.62875pt>
File: figures/Young-Frontal-Sagittal.pdf Graphic file (type pdf)

<use figures/Young-Frontal-Sagittal.pdf>
<figures/Old-Limbic-Sagittal.pdf, id=98, 2007.5pt x 1506.62875pt>
File: figures/Old-Limbic-Sagittal.pdf Graphic file (type pdf)

<use figures/Old-Limbic-Sagittal.pdf>
<figures/Young-Central-Sagittal.pdf, id=99, 2007.5pt x 1506.62875pt>
File: figures/Young-Central-Sagittal.pdf Graphic file (type pdf)

<use figures/Young-Central-Sagittal.pdf>
<figures/Old-Frontal-Sagittal.pdf, id=100, 2007.5pt x 1506.62875pt>
File: figures/Old-Frontal-Sagittal.pdf Graphic file (type pdf)

<use figures/Old-Frontal-Sagittal.pdf>
Underfull \hbox (badness 10000) in paragraph at lines 420--441
[][] []
 []

<figures/Young-Limbic-Sagittal.pdf, id=101, 2007.5pt x 1506.62875pt>
File: figures/Young-Limbic-Sagittal.pdf Graphic file (type pdf)

<use figures/Young-Limbic-Sagittal.pdf>
File: figures/Old-Limbic-Sagittal.pdf Graphic file (type pdf)
 <use figures/Old-Limbic-Sagittal.pdf>

LaTeX Warning: Float too large for page by 91.40514pt on input line 450.

LaTeX Font Info:    Font shape `OT1/ptm/bx/n' in size <12> not available
(Font)              Font shape `OT1/ptm/b/n' tried instead on input line 455.
LaTeX Font Info:    Font shape `OT1/ptm/bx/n' in size <9> not available
(Font)              Font shape `OT1/ptm/b/n' tried instead on input line 455.
LaTeX Font Info:    Font shape `OT1/ptm/bx/n' in size <7> not available
(Font)              Font shape `OT1/ptm/b/n' tried instead on input line 455.

Underfull \hbox (badness 10000) in paragraph at lines 481--481
[]|\T1/ptm/m/n/12 Target Brain
 []


Underfull \hbox (badness 10000) in paragraph at lines 481--481
[]|\T1/ptm/m/n/12 Central struc-
 []


Underfull \hbox (badness 10000) in paragraph at lines 481--481
\T1/ptm/m/n/12 tures (Cau-date
 []


Underfull \hbox (badness 10000) in paragraph at lines 481--481
\T1/ptm/m/n/12 nu-cleus, puta-
 []


Underfull \hbox (badness 10000) in paragraph at lines 481--481
\T1/ptm/m/n/12 men, pal-lidum,
 []


Underfull \hbox (badness 10000) in paragraph at lines 481--481
\T1/ptm/m/n/12 (hip-pocam-pus,
 []


Underfull \hbox (badness 10000) in paragraph at lines 481--481
\T1/ptm/m/n/12 parahip-pocam-
 []


LaTeX Warning: Float too large for page by 69.43468pt on input line 483.


Overfull \hbox (1.22769pt too wide) in paragraph at lines 486--486
[]\T1/ptm/b/n/14.4 Efficiency af-ter tar-get net-works le-sion-ing of edges 
 []

[11] [12]
Underfull \hbox (badness 10000) in paragraph at lines 523--523
[]|\T1/ptm/m/n/12 Network-Network
 []

[13] [14] (./graphADrobustness-11032015.bbl
Underfull \hbox (badness 2600) in paragraph at lines 11--16
[]\T1/ptm/m/n/10.95 Jeffrey S. An-der-son, Jared A. Nielsen, Michael A. Fer-gu-
son,
 []

[15] [16] [17]
Underfull \hbox (badness 6808) in paragraph at lines 213--220
[]\T1/ptm/m/n/10.95 Joaquin Goni, Mar-tijn P. van den Heuvel, An-drea Avena-
 []


Underfull \hbox (badness 1354) in paragraph at lines 213--220
\T1/ptm/m/n/10.95 Koenigsberger, Nieves Velez de Men-diz-a-bal, Richard F. Bet-
zel,
 []

[18] [19]
Underfull \hbox (badness 2035) in paragraph at lines 335--341
[]\T1/ptm/m/n/10.95 Roser Sala-Llonch, Carme Jun-quin, Ei-der M. Arenaza-Urquij
o,
 []


Underfull \hbox (badness 1655) in paragraph at lines 376--382
[]\T1/ptm/m/n/10.95 Melanie Tsch-ernegg, Ju-lia S. Crone, Tina Eigen-berger, Ph
ilipp
 []

[20]
Underfull \hbox (badness 1622) in paragraph at lines 407--413
[]\T1/ptm/m/n/10.95 Jin-Hui Wang, Xi-Nian Zuo, Suril Go-hel, Michael P. Mil-ham
,
 []

[21]) [22] [23 <./figures/Fig-2-y-boxplot-eff_p.pdf> <./figures/Fig-2-o-boxplot
-eff_p.pdf> <./figures/regressionyoung.pdf> <./figures/regressionold.pdf>]
[24 <./figures/fig-4-eff-loss.pdf> <./figures/lossdistrib-greenisYoung-blueisol
d.pdf>] [25 <./figures/Young-DMN-Sagittal.pdf> <./figures/Old-DMN-Sagittal.pdf>
 <./figures/Young-Frontal-Sagittal.pdf> <./figures/Old-Limbic-Sagittal.pdf> <./
figures/Young-Central-Sagittal.pdf> <./figures/Old-Frontal-Sagittal.pdf> <./fig
ures/Young-Limbic-Sagittal.pdf>] (./graphADrobustness-11032015.aux)

LaTeX Warning: There were multiply-defined labels.

 ) 
Here is how much of TeX's memory you used:
 3837 strings out of 95137
 53830 string characters out of 1183013
 2102267 words of memory out of 4557102
 6854 multiletter control sequences out of 10000+50000
 82837 words of font info for 154 fonts, out of 2000000 for 2000
 58 hyphenation exceptions out of 5000
 34i,10n,32p,3845b,301s stack positions out of 5000i,500n,6000p,200000b,40000s
PDF statistics:
 240 PDF objects out of 300000
 0 named destinations out of 131072
 86 words of extra memory for PDF output out of 10000
</usr/local/teTex/share/texmf.tetex/fonts/type1/urw/symbol/usyr.pfb></usr/loc
al/teTex/share/texmf.tetex/fonts/type1/urw/symbol/usyr.pfb></usr/local/teTex/sh
are/texmf.tetex/fonts/type1/bluesky/cm/cmmi10.pfb></usr/local/teTex/share/texmf
.tetex/fonts/type1/bluesky/cm/cmr10.pfb>{/usr/local/teTex/share/texmf.tetex/fon
ts/enc/dvips/psnfss/8r.enc}</usr/local/teTex/share/texmf.tetex/fonts/type1/urw/
times/utmb8a.pfb></usr/local/teTex/share/texmf.tetex/fonts/type1/urw/times/utmr
i8a.pfb></usr/local/teTex/share/texmf.tetex/fonts/type1/bluesky/cm/cmsy10.pfb><
/usr/local/teTex/share/texmf.tetex/fonts/type1/urw/times/utmr8a.pfb>
Output written on graphADrobustness-11032015.pdf (25 pages, 2518321 bytes).
